2025-12-23 13:05:48,002 ERROR: Exception on /caregiver/admin [GET] [in /usr/local/lib/python3.12/site-packages/flask/app.py:1414]
Traceback (most recent call last):
  File "/usr/local/lib/python3.12/site-packages/flask/app.py", line 2190, in wsgi_app
    response = self.full_dispatch_request()
               ^^^^^^^^^^^^^^^^^^^^^^^^^^^^
  File "/usr/local/lib/python3.12/site-packages/flask/app.py", line 1486, in full_dispatch_request
    rv = self.handle_user_exception(e)
         ^^^^^^^^^^^^^^^^^^^^^^^^^^^^^
  File "/usr/local/lib/python3.12/site-packages/flask/app.py", line 1484, in full_dispatch_request
    rv = self.dispatch_request()
         ^^^^^^^^^^^^^^^^^^^^^^^
  File "/usr/local/lib/python3.12/site-packages/flask/app.py", line 1469, in dispatch_request
    return self.ensure_sync(self.view_functions[rule.endpoint])(**view_args)
           ^^^^^^^^^^^^^^^^^^^^^^^^^^^^^^^^^^^^^^^^^^^^^^^^^^^^^^^^^^^^^^^^^
  File "/usr/local/lib/python3.12/site-packages/flask_login/utils.py", line 290, in decorated_view
    return current_app.ensure_sync(func)(*args, **kwargs)
           ^^^^^^^^^^^^^^^^^^^^^^^^^^^^^^^^^^^^^^^^^^^^^^
  File "/dementia/app/routes.py", line 147, in caregiver
    return render_template('caregiver.html', caregiver=caregiver, symptomlogs=symptomlogs.items, next_url=next_url, prev_url=prev_url, form=form)
           ^^^^^^^^^^^^^^^^^^^^^^^^^^^^^^^^^^^^^^^^^^^^^^^^^^^^^^^^^^^^^^^^^^^^^^^^^^^^^^^^^^^^^^^^^^^^^^^^^^^^^^^^^^^^^^^^^^^^^^^^^^^^^^^^^^^^^^
  File "/usr/local/lib/python3.12/site-packages/flask/templating.py", line 151, in render_template
    return _render(app, template, context)
           ^^^^^^^^^^^^^^^^^^^^^^^^^^^^^^^
  File "/usr/local/lib/python3.12/site-packages/flask/templating.py", line 132, in _render
    rv = template.render(context)
         ^^^^^^^^^^^^^^^^^^^^^^^^
  File "/usr/local/lib/python3.12/site-packages/jinja2/environment.py", line 1295, in render
    self.environment.handle_exception()
  File "/usr/local/lib/python3.12/site-packages/jinja2/environment.py", line 942, in handle_exception
    raise rewrite_traceback_stack(source=source)
  File "/dementia/app/templates/caregiver.html", line 1, in top-level template code
    {% extends "base.html" %}
  File "/dementia/app/templates/base.html", line 89, in top-level template code
    {% block content %}{% endblock %}
    ^^^^^^^^^^^^^^^^^^^^^^^^^
  File "/dementia/app/templates/caregiver.html", line 17, in block 'content'
    <p><a href="{{ url_for('export_symptomlogs') }}">{{ ('Export your symptomlogs') }}</a></p>
    ^^^^^^^^^^^^^^^^^^^^^^^^^
  File "/usr/local/lib/python3.12/site-packages/flask/app.py", line 1697, in url_for
    return self.handle_url_build_error(error, endpoint, values)
           ^^^^^^^^^^^^^^^^^^^^^^^^^^^^^^^^^^^^^^^^^^^^^^^^^^^^
  File "/usr/local/lib/python3.12/site-packages/flask/app.py", line 1686, in url_for
    rv = url_adapter.build(  # type: ignore[union-attr]
         ^^^^^^^^^^^^^^^^^^^^^^^^^^^^^^^^^^^^^^^^^^^^^^
  File "/usr/local/lib/python3.12/site-packages/werkzeug/routing/map.py", line 950, in build
    raise BuildError(endpoint, values, method, self)
werkzeug.routing.exceptions.BuildError: Could not build url for endpoint 'export_symptomlogs'. Did you mean 'export_posts' instead?
2025-12-23 13:06:32,013 INFO: Dementia Tracker startup [in /dementia/app/__init__.py:68]
2025-12-23 13:30:52,499 INFO: Dementia Tracker startup [in /dementia/app/__init__.py:68]
2026-01-14 10:27:15,450 INFO: Dementia Tracker startup [in /dementia/app/__init__.py:68]
2026-01-31 17:04:18,233 INFO: Dementia Tracker startup [in D:\dementia\app\__init__.py:85]
2026-01-31 17:14:16,017 INFO: Dementia Tracker startup [in D:\dementia\app\__init__.py:85]
2026-01-31 17:28:16,178 INFO: Dementia Tracker startup [in D:\dementia\app\__init__.py:85]
2026-01-31 17:32:53,866 INFO: Dementia Tracker startup [in D:\dementia\app\__init__.py:85]
2026-01-31 14:44:19,441 INFO: Dementia Tracker startup [in /dementia/app/__init__.py:85]
2026-01-31 14:47:40,223 INFO: Dementia Tracker startup [in /dementia/app/__init__.py:85]
2026-02-01 10:59:10,424 INFO: Dementia Tracker startup [in /dementia/app/__init__.py:85]
2026-02-04 10:42:56,803 INFO: Dementia Tracker startup [in /dementia/app/__init__.py:85]
2026-02-04 10:52:58,751 INFO: Dementia Tracker startup [in /dementia/app/__init__.py:85]
2026-02-04 10:53:13,035 INFO: Dementia Tracker startup [in /dementia/app/__init__.py:85]
2026-02-04 10:54:35,270 INFO: Dementia Tracker startup [in /dementia/app/__init__.py:85]
2026-02-04 10:55:54,737 INFO: Dementia Tracker startup [in /dementia/app/__init__.py:85]
2026-02-04 10:55:54,854 ERROR: Search index error: BadRequestError(400, 'media_type_header_exception', 'Invalid media-type value on headers [Content-Type, Accept]', Accept version must be either version 8 or 7, but found 9. Accept=application/vnd.elasticsearch+json; compatible-with=9) [in /dementia/app/search.py:12]
2026-02-04 10:55:55,925 ERROR: Search index error: BadRequestError(400, 'media_type_header_exception', 'Invalid media-type value on headers [Content-Type, Accept]', Accept version must be either version 8 or 7, but found 9. Accept=application/vnd.elasticsearch+json; compatible-with=9) [in /dementia/app/search.py:12]
2026-02-04 10:55:56,853 ERROR: Search index error: BadRequestError(400, 'media_type_header_exception', 'Invalid media-type value on headers [Content-Type, Accept]', Accept version must be either version 8 or 7, but found 9. Accept=application/vnd.elasticsearch+json; compatible-with=9) [in /dementia/app/search.py:12]
2026-02-04 10:55:57,764 ERROR: Search index error: BadRequestError(400, 'media_type_header_exception', 'Invalid media-type value on headers [Content-Type, Accept]', Accept version must be either version 8 or 7, but found 9. Accept=application/vnd.elasticsearch+json; compatible-with=9) [in /dementia/app/search.py:12]
2026-02-04 10:55:58,777 ERROR: Search index error: BadRequestError(400, 'media_type_header_exception', 'Invalid media-type value on headers [Content-Type, Accept]', Accept version must be either version 8 or 7, but found 9. Accept=application/vnd.elasticsearch+json; compatible-with=9) [in /dementia/app/search.py:12]
2026-02-04 10:55:59,742 ERROR: Search index error: BadRequestError(400, 'media_type_header_exception', 'Invalid media-type value on headers [Content-Type, Accept]', Accept version must be either version 8 or 7, but found 9. Accept=application/vnd.elasticsearch+json; compatible-with=9) [in /dementia/app/search.py:12]
2026-02-04 10:56:00,638 ERROR: Search index error: BadRequestError(400, 'media_type_header_exception', 'Invalid media-type value on headers [Content-Type, Accept]', Accept version must be either version 8 or 7, but found 9. Accept=application/vnd.elasticsearch+json; compatible-with=9) [in /dementia/app/search.py:12]
2026-02-04 10:56:01,591 ERROR: Search index error: BadRequestError(400, 'media_type_header_exception', 'Invalid media-type value on headers [Content-Type, Accept]', Accept version must be either version 8 or 7, but found 9. Accept=application/vnd.elasticsearch+json; compatible-with=9) [in /dementia/app/search.py:12]
2026-02-04 10:56:02,516 ERROR: Search index error: BadRequestError(400, 'media_type_header_exception', 'Invalid media-type value on headers [Content-Type, Accept]', Accept version must be either version 8 or 7, but found 9. Accept=application/vnd.elasticsearch+json; compatible-with=9) [in /dementia/app/search.py:12]
2026-02-04 10:57:48,255 INFO: Dementia Tracker startup [in /dementia/app/__init__.py:85]
2026-02-04 10:57:59,350 INFO: Dementia Tracker startup [in /dementia/app/__init__.py:85]
2026-02-04 10:58:23,098 INFO: Dementia Tracker startup [in /dementia/app/__init__.py:85]
2026-02-04 10:58:38,782 INFO: Dementia Tracker startup [in /dementia/app/__init__.py:85]
2026-02-04 10:58:55,509 INFO: Dementia Tracker startup [in /dementia/app/__init__.py:85]
2026-02-04 11:02:15,512 INFO: Dementia Tracker startup [in /dementia/app/__init__.py:85]
2026-02-04 11:32:43,175 INFO: Dementia Tracker startup [in /dementia/app/__init__.py:85]
2026-02-04 14:43:47,556 INFO: Dementia Tracker startup [in D:\dementia\app\__init__.py:94]
2026-02-04 12:22:13,708 INFO: Dementia Tracker startup [in /dementia/app/__init__.py:94]
2026-02-04 12:31:03,442 INFO: Dementia Tracker startup [in /dementia/app/__init__.py:94]
2026-02-04 12:35:46,447 INFO: Dementia Tracker startup [in /dementia/app/__init__.py:94]
2026-02-04 12:51:51,908 INFO: Dementia Tracker startup [in /dementia/app/__init__.py:94]
2026-02-04 13:09:12,897 INFO: Dementia Tracker startup [in /dementia/app/__init__.py:94]
2026-02-04 13:21:35,375 INFO: Dementia Tracker startup [in /dementia/app/__init__.py:94]
2026-02-04 16:35:39,748 INFO: Dementia Tracker startup [in D:\dementia\app\__init__.py:94]
2026-02-04 16:36:02,927 INFO: Dementia Tracker startup [in D:\dementia\app\__init__.py:94]
2026-02-04 16:45:12,013 INFO: Dementia Tracker startup [in D:\dementia\app\__init__.py:94]
